
> fund_front_v1@0.0.0 dev
> vite --host 0.0.0.0 --port 5173


  VITE v7.3.1  ready in 466 ms

  ➜  Local:   http://localhost:5173/
  ➜  Network: http://192.168.31.48:5173/
  ➜  Vue DevTools: Open http://localhost:5173/__devtools__/ as a separate window
  ➜  Vue DevTools: Press Alt(⌥)+Shift(⇧)+D in App to toggle the Vue DevTools
10:51:47 AM [vite] (client) hmr update /src/components/model/stock/StockAnalysis.vue
10:52:07 AM [vite] (client) hmr update /src/components/model/stock/StockAnalysis.vue
10:52:32 AM [vite] (client) hmr update /src/components/model/stock/StockAnalysis.vue
10:52:38 AM [vite] (client) hmr update /src/components/model/stock/StockAnalysis.vue
10:52:45 AM [vite] (client) hmr update /src/components/model/stock/StockAnalysis.vue
10:53:21 AM [vite] (client) hmr update /src/components/model/stock/StockAnalysis.vue
10:53:25 AM [vite] (client) hmr update /src/components/model/stock/StockAnalysis.vue
10:58:23 AM [vite] (client) hmr update /src/components/model/stock/StockAnalysis.vue
10:59:10 AM [vite] (client) hmr update /src/components/model/stock/StockAnalysis.vue
10:59:28 AM [vite] (client) hmr update /src/components/model/stock/StockAnalysis.vue
11:26:39 AM [vite] (client) hmr update /src/components/model/stock/StockAnalysis.vue
11:26:56 AM [vite] (client) hmr update /src/components/model/stock/StockAnalysis.vue
11:26:56 AM [vite] (client) hmr update /src/components/model/stock/StockAnalysis.vue
11:44:16 AM [vite] (client) hmr update /src/components/model/stock/StockAnalysis.vue
11:44:39 AM [vite] (client) hmr update /src/components/model/stock/StockAnalysis.vue
11:44:49 AM [vite] (client) hmr update /src/components/model/stock/StockAnalysis.vue?vue&type=style&index=0&scoped=950ec913&lang.css
11:48:46 AM [vite] (client) hmr update /src/components/model/stock/StockAnalysis.vue
11:50:09 AM [vite] (client) hmr update /src/components/model/stock/StockAnalysis.vue
11:50:09 AM [vite] (client) hmr update /src/components/model/stock/StockAnalysis.vue
11:50:57 AM [vite] (client) hmr update /src/components/model/stock/StockAnalysis.vue
11:51:13 AM [vite] (client) hmr update /src/components/model/stock/StockAnalysis.vue
12:17:47 PM [vite] (client) hmr update /src/components/model/stock/StockScreeningPro.vue
1:16:58 PM [vite] (client) hmr update /src/components/model/stock/StockScreeningPro.vue
1:31:31 PM [vite] (client) hmr update /src/components/model/stock/StockAnalysis.vue
1:34:25 PM [vite] (client) hmr update /src/components/model/stock/StockAnalysis.vue
1:34:48 PM [vite] (client) hmr update /src/components/model/stock/StockAnalysis.vue
1:35:12 PM [vite] (client) hmr update /src/components/model/stock/StockAnalysis.vue?vue&type=style&index=0&scoped=950ec913&lang.css
1:38:30 PM [vite] (client) hmr update /src/components/model/stock/StockAnalysis.vue
1:39:34 PM [vite] (client) hmr update /src/components/model/stock/StockAnalysis.vue
1:41:48 PM [vite] (client) hmr update /src/components/model/stock/StockAnalysis.vue
1:44:41 PM [vite] (client) hmr update /src/components/model/stock/StockAnalysis.vue
1:45:32 PM [vite] (client) hmr update /src/components/model/stock/StockAnalysis.vue
1:50:30 PM [vite] (client) hmr update /src/components/model/stock/StockAnalysis.vue
1:50:56 PM [vite] (client) hmr update /src/components/model/stock/StockAnalysis.vue
1:51:17 PM [vite] (client) hmr update /src/components/model/stock/StockAnalysis.vue?vue&type=style&index=0&scoped=950ec913&lang.css
1:58:46 PM [vite] (client) hmr update /src/components/model/stock/StockAnalysis.vue
2:09:25 PM [vite] (client) hmr update /src/components/model/stock/StockAnalysis.vue
2:09:30 PM [vite] (client) hmr update /src/components/model/stock/StockAnalysis.vue
2:09:36 PM [vite] (client) hmr update /src/components/model/stock/StockAnalysis.vue
2:11:14 PM [vite] (client) hmr update /src/components/model/stock/StockAnalysis.vue
2:13:24 PM [vite] (client) hmr update /src/components/model/stock/StockAnalysis.vue?vue&type=style&index=0&scoped=950ec913&lang.css
2:13:48 PM [vite] (client) hmr update /src/components/model/stock/StockAnalysis.vue?vue&type=style&index=0&scoped=950ec913&lang.css
2:13:59 PM [vite] (client) hmr update /src/components/model/stock/StockAnalysis.vue?vue&type=style&index=0&scoped=950ec913&lang.css
2:14:44 PM [vite] (client) hmr update /src/components/model/stock/StockAnalysis.vue?vue&type=style&index=0&scoped=950ec913&lang.css
2:15:01 PM [vite] (client) hmr update /src/components/model/stock/StockAnalysis.vue?vue&type=style&index=0&scoped=950ec913&lang.css
2:15:37 PM [vite] (client) hmr update /src/components/model/stock/StockAnalysis.vue?vue&type=style&index=0&scoped=950ec913&lang.css
2:17:17 PM [vite] (client) hmr update /src/components/model/stock/StockScreeningPro.vue?vue&type=style&index=0&scoped=7564fd14&lang.less
2:17:36 PM [vite] (client) hmr update /src/components/model/stock/StockScreeningPro.vue?vue&type=style&index=0&scoped=7564fd14&lang.less
2:18:49 PM [vite] (client) hmr update /src/components/model/stock/StockAnalysis.vue
2:19:27 PM [vite] (client) hmr update /src/components/model/stock/StockAnalysis.vue?vue&type=style&index=0&scoped=950ec913&lang.css
2:23:29 PM [vite] (client) hmr update /src/components/model/stock/StockAnalysis.vue
2:26:03 PM [vite] (client) hmr update /src/components/model/stock/StockAnalysis.vue
2:26:35 PM [vite] (client) hmr update /src/components/model/stock/StockAnalysis.vue
2:27:33 PM [vite] (client) hmr update /src/components/model/stock/StockAnalysis.vue
2:28:01 PM [vite] (client) hmr update /src/components/model/stock/StockAnalysis.vue
2:28:26 PM [vite] (client) hmr update /src/components/model/stock/StockAnalysis.vue
2:32:39 PM [vite] (client) hmr update /src/components/model/stock/StockAnalysis.vue
2:33:06 PM [vite] (client) hmr update /src/components/model/stock/StockAnalysis.vue
2:33:49 PM [vite] (client) hmr update /src/components/model/stock/StockAnalysis.vue
2:45:16 PM [vite] (client) hmr update /src/views/ModelExperiment.vue
2:45:24 PM [vite] (client) hmr update /src/views/ModelExperiment.vue
2:45:47 PM [vite] (client) hmr update /src/views/ModelExperiment.vue
2:50:14 PM [vite] (client) hmr update /src/views/ModelExperiment.vue
2:52:19 PM [vite] (client) hmr update /src/components/model/stock/StockAnalysis.vue
2:55:13 PM [vite] (client) hmr update /src/components/model/stock/StockAnalysis.vue
2:59:06 PM [vite] (client) hmr update /src/components/model/stock/StockAnalysis.vue
3:02:21 PM [vite] (client) hmr update /src/components/model/stock/StockAnalysis.vue
3:02:38 PM [vite] (client) hmr update /src/components/model/stock/StockAnalysis.vue
3:02:49 PM [vite] (client) hmr update /src/components/model/stock/StockAnalysis.vue
3:03:38 PM [vite] (client) hmr update /src/components/model/stock/StockAnalysis.vue
3:03:59 PM [vite] (client) hmr update /src/components/model/stock/StockAnalysis.vue?vue&type=style&index=0&scoped=950ec913&lang.css
3:07:15 PM [vite] (client) hmr update /src/components/model/stock/StockAnalysis.vue
3:07:59 PM [vite] (client) hmr update /src/components/model/stock/StockAnalysis.vue
3:08:44 PM [vite] (client) hmr update /src/components/model/stock/StockAnalysis.vue?vue&type=style&index=0&scoped=950ec913&lang.css
3:12:06 PM [vite] (client) hmr update /src/components/model/stock/StockScreeningPro.vue
3:12:47 PM [vite] (client) hmr update /src/components/model/stock/StockScreeningPro.vue
3:15:02 PM [vite] (client) hmr update /src/components/model/stock/StockScreeningPro.vue
3:37:13 PM [vite] (client) hmr update /src/components/model/stock/StockScreeningPro.vue
3:37:23 PM [vite] (client) hmr update /src/components/model/stock/StockScreeningPro.vue
3:37:46 PM [vite] (client) hmr update /src/components/model/stock/StockScreeningPro.vue
3:38:19 PM [vite] (client) hmr update /src/components/model/stock/StockPortfolio.vue
4:11:02 PM [vite] (client) hmr update /src/components/model/stock/StockScreeningPro.vue
4:11:08 PM [vite] (client) hmr update /src/components/model/stock/StockScreeningPro.vue
4:11:14 PM [vite] (client) hmr update /src/components/model/stock/StockScreeningPro.vue
4:11:43 PM [vite] (client) hmr update /src/components/model/stock/StockPortfolio.vue
4:12:06 PM [vite] (client) hmr update /src/components/model/stock/StockPortfolio.vue
4:19:36 PM [vite] (client) hmr update /src/components/model/stock/StockScreeningPro.vue
4:20:45 PM [vite] (client) hmr update /src/components/model/stock/StockScreeningPro.vue
4:27:40 PM [vite] (client) hmr update /src/components/model/stock/StockPortfolio.vue
4:28:07 PM [vite] (client) hmr update /src/components/model/stock/StockPortfolio.vue
4:28:34 PM [vite] (client) hmr update /src/components/model/stock/StockPortfolio.vue
4:28:47 PM [vite] (client) hmr update /src/components/model/stock/StockPortfolio.vue
4:29:12 PM [vite] (client) hmr update /src/components/model/stock/StockPortfolio.vue
4:29:35 PM [vite] (client) hmr update /src/components/model/stock/StockPortfolio.vue
4:29:48 PM [vite] (client) hmr update /src/components/model/stock/StockPortfolio.vue
11:19:46 PM [vite] (client) hmr update /src/components/model/stock/StockPortfolio.vue
11:19:56 PM [vite] (client) hmr update /src/components/model/stock/StockPortfolio.vue
11:20:04 PM [vite] (client) hmr update /src/components/model/stock/StockPortfolio.vue
11:48:36 PM [vite] (client) hmr update /src/components/model/stock/StockPortfolio.vue
11:48:41 PM [vite] (client) hmr update /src/components/model/stock/StockPortfolio.vue
11:49:29 PM [vite] (client) hmr update /src/components/model/stock/StockPortfolio.vue
11:51:39 PM [vite] (client) hmr update /src/components/model/stock/StockPortfolio.vue
11:57:03 PM [vite] (client) hmr update /src/components/model/stock/StockPortfolio.vue
11:57:13 PM [vite] (client) hmr update /src/components/model/stock/StockPortfolio.vue
11:57:20 PM [vite] (client) hmr update /src/components/model/stock/StockPortfolio.vue
12:04:14 AM [vite] (client) hmr update /src/components/model/stock/StockPortfolio.vue
12:04:46 AM [vite] (client) hmr update /src/components/model/stock/StockPortfolio.vue
12:06:48 AM [vite] (client) hmr update /src/components/model/stock/StockPortfolio.vue
12:07:18 AM [vite] (client) hmr update /src/components/model/stock/StockPortfolio.vue
12:07:53 AM [vite] (client) hmr update /src/components/model/stock/StockPortfolio.vue
12:08:22 AM [vite] (client) hmr update /src/components/model/stock/StockPortfolio.vue
1:28:16 AM [vite] (client) hmr update /src/components/model/stock/StockAnalysis.vue
1:39:47 AM [vite] (client) hmr update /src/components/model/stock/StockAnalysis.vue
2:23:08 AM [vite] (client) hmr update /src/components/model/stock/StockPortfolio.vue
2:23:45 AM [vite] (client) hmr update /src/components/model/stock/StockPortfolio.vue
2:27:00 AM [vite] (client) hmr update /src/components/model/stock/StockPortfolio.vue
2:29:11 AM [vite] (client) hmr update /src/components/model/stock/StockPortfolio.vue
2:29:25 AM [vite] (client) hmr update /src/components/model/stock/StockPortfolio.vue
2:29:38 AM [vite] (client) hmr update /src/components/model/stock/StockPortfolio.vue
2:32:46 AM [vite] (client) hmr update /src/components/model/stock/StockPortfolio.vue
2:33:22 AM [vite] (client) hmr update /src/components/model/stock/StockPortfolio.vue?vue&type=style&index=0&scoped=85c1ee4b&lang.less
2:56:32 AM [vite] (client) hmr update /src/components/model/stock/StockPortfolio.vue
2:56:52 AM [vite] (client) hmr update /src/components/model/stock/StockPortfolio.vue
2:57:07 AM [vite] (client) hmr update /src/components/model/stock/StockPortfolio.vue
2:57:44 AM [vite] (client) hmr update /src/components/model/stock/StockPortfolio.vue
3:00:34 AM [vite] (client) hmr update /src/components/model/stock/StockPortfolio.vue
3:01:21 AM [vite] (client) hmr update /src/components/model/stock/StockPortfolio.vue
3:01:55 AM [vite] (client) hmr update /src/components/model/stock/StockPortfolio.vue
3:03:00 AM [vite] (client) hmr update /src/components/model/stock/StockPortfolio.vue?vue&type=style&index=0&scoped=85c1ee4b&lang.less
3:03:13 AM [vite] (client) hmr update /src/components/model/stock/StockPortfolio.vue
3:03:52 AM [vite] (client) hmr update /src/components/model/stock/StockPortfolio.vue
3:11:30 AM [vite] (client) hmr update /src/views/ModelExperiment.vue
3:11:45 AM [vite] (client) hmr update /src/views/ModelExperiment.vue
3:19:01 AM [vite] (client) hmr update /src/components/model/stock/StockPortfolio.vue
3:21:24 AM [vite] (client) hmr update /src/components/model/stock/StockPortfolio.vue
3:26:17 AM [vite] (client) hmr update /src/components/model/stock/StockBacktest.vue
3:26:33 AM [vite] (client) hmr update /src/components/model/stock/StockBacktest.vue
3:27:05 AM [vite] (client) hmr update /src/components/model/stock/StockBacktest.vue
3:27:22 AM [vite] (client) hmr update /src/components/model/stock/StockBacktest.vue
3:28:15 AM [vite] (client) hmr update /src/components/model/stock/StockBacktest.vue
3:53:18 AM [vite] (client) hmr update /src/components/model/stock/StockBacktest.vue
3:53:30 AM [vite] (client) hmr update /src/components/model/stock/StockBacktest.vue
3:53:56 AM [vite] (client) hmr update /src/components/model/stock/StockBacktest.vue
5:00:46 AM [vite] (client) hmr update /src/views/ModelExperiment.vue
5:00:59 AM [vite] (client) hmr update /src/views/ModelExperiment.vue
5:01:06 AM [vite] (client) hmr update /src/components/model/stock/StockScreeningPro.vue
5:01:22 AM [vite] (client) hmr update /src/components/model/stock/StockScreeningPro.vue
5:01:37 AM [vite] (client) hmr update /src/components/model/stock/StockScreeningPro.vue
5:01:51 AM [vite] (client) hmr update /src/components/model/stock/StockScreeningPro.vue
5:02:10 AM [vite] (client) hmr update /src/components/model/stock/StockScreeningPro.vue
5:02:35 AM [vite] (client) hmr update /src/components/model/stock/StockPortfolio.vue
5:03:14 AM [vite] (client) hmr update /src/components/model/stock/StockPortfolio.vue
5:08:26 AM [vite] (client) hmr update /src/views/ModelExperiment.vue
5:08:30 AM [vite] (client) hmr update /src/views/ModelExperiment.vue
5:08:37 AM [vite] (client) hmr update /src/views/ModelExperiment.vue
5:08:48 AM [vite] (client) hmr update /src/components/model/stock/StockScreeningPro.vue
5:08:58 AM [vite] (client) hmr update /src/components/model/stock/StockScreeningPro.vue
5:09:05 AM [vite] (client) hmr update /src/components/model/stock/StockScreeningPro.vue
5:09:22 AM [vite] (client) hmr update /src/components/model/stock/StockScreeningPro.vue
5:09:31 AM [vite] (client) hmr update /src/components/model/stock/StockScreeningPro.vue
5:09:36 AM [vite] (client) hmr update /src/components/model/stock/StockPortfolio.vue
5:10:00 AM [vite] (client) hmr update /src/components/model/stock/StockPortfolio.vue
5:15:26 AM [vite] (client) hmr update /src/components/model/stock/StockBacktest.vue
5:16:02 AM [vite] (client) hmr update /src/components/model/stock/StockBacktest.vue
5:16:21 AM [vite] (client) hmr update /src/components/model/stock/StockBacktest.vue
5:17:02 AM [vite] (client) hmr update /src/components/model/stock/StockBacktest.vue
5:17:13 AM [vite] (client) hmr update /src/components/model/stock/StockBacktest.vue
6:27:18 AM [vite] (client) hmr update /src/components/model/stock/StockPortfolio.vue
6:32:11 AM [vite] (client) hmr update /src/components/model/stock/StockBacktest.vue
7:29:37 AM [vite] (client) hmr update /src/components/model/stock/StockBacktest.vue
7:30:02 AM [vite] (client) hmr update /src/components/model/stock/StockBacktest.vue
7:36:52 AM [vite] (client) hmr update /src/components/model/stock/StockBacktest.vue
7:50:07 AM [vite] (client) hmr update /src/components/model/stock/StockBacktest.vue
8:10:27 AM [vite] (client) hmr update /src/views/ModelExperiment.vue
8:10:36 AM [vite] (client) hmr update /src/views/ModelExperiment.vue
8:14:32 AM [vite] (client) hmr update /src/views/ModelExperiment.vue
9:03:08 AM [vite] (client) hmr update /src/components/stock/StockWatchlist.vue
9:07:05 AM [vite] (client) hmr update /src/components/model/stock/StockScreeningPro.vue
9:07:49 AM [vite] (client) hmr update /src/components/model/stock/StockScreeningPro.vue
9:50:39 AM [vite] (client) hmr update /src/components/model/stock/StockScreeningPro.vue
9:50:45 AM [vite] (client) hmr update /src/components/model/stock/StockScreeningPro.vue
9:59:35 AM [vite] (client) hmr update /src/views/ModelExperiment.vue
10:00:00 AM [vite] (client) hmr update /src/views/ModelExperiment.vue
10:01:26 AM [vite] (client) hmr update /src/views/ModelExperiment.vue
10:02:42 AM [vite] (client) hmr update /src/views/ModelExperiment.vue
1:17:09 PM [vite] (client) hmr update /src/views/ModelExperiment.vue
1:17:25 PM [vite] (client) hmr update /src/views/ModelExperiment.vue
1:18:06 PM [vite] (client) hmr update /src/views/ModelExperiment.vue
2:04:59 PM [vite] (client) hmr update /src/components/model/stock/StockBacktestPro.vue
2:05:33 PM [vite] (client) hmr update /src/components/model/stock/StockBacktestPro.vue
2:05:39 PM [vite] (client) hmr update /src/components/model/stock/StockBacktestPro.vue
